1_hpn13v11
APACHE
CAN-20
Cisco
Cleo
CLOUDBILITY
Comware
ConplatSSH
CoreFTP
CrestronSSH
D9.0
Data
DesktopAuthority
Devart
DOPRA
DraySSH
dropbear
FIPS
FlowSsh
FreeBSD
FreSSH
Gitblit
Go
hpn13v11
hpn14v6
hpn14v9
HUAWEI
Ingrian
IPSSH
lancom
libssh
Mikrotik
Mocana
mpSSH
NetBSD
NetScreen
paramiko
Pragma
Raspbian
RebexSSH
RGOS
RomCliSecure
RomSShell
ROSSSH
Serv-U
SFTP
SSHD
sshlib
Sun_SSH
SysaxSSH
TERM
VShell
WeOnlyDo
WRQReflectionForSecureIT
WS_FTP
xlightftpd_release
ZTE
Zyxel